<?xml version="1.0" encoding="UTF-8"?><testsuite failures="0" name="cucumber.runtime.formatter.JUnitFormatter" skipped="0" tests="2" time="0.101836">
<testcase classname="Free CRM app test" name="Free CRM create deal test" time="0.101473">
<system-out><![CDATA[Given user is on deal page..................................................passed
When user fills the deals form..............................................passed
Then deals is created.......................................................passed
]]></system-out>
</testcase>
<testcase classname="Free CRM app test" name="free crm create contact test" time="0.000363">
<system-out><![CDATA[Given user is on contact page...............................................passed
When user fills the contact form............................................passed
Then contact is created.....................................................passed
]]></system-out>
</testcase>
</testsuite>
